0 info it worked if it ends with ok
1 verbose cli [ '/usr/local/Cellar/node/5.0.0/bin/node',
1 verbose cli   '/usr/local/bin/npm',
1 verbose cli   'start' ]
2 info using npm@3.3.9
3 info using node@v5.0.0
4 verbose run-script [ 'prestart', 'start', 'poststart' ]
5 info lifecycle pluralsight-redux-starter@1.0.0~prestart: pluralsight-redux-starter@1.0.0
6 verbose lifecycle pluralsight-redux-starter@1.0.0~prestart: unsafe-perm in lifecycle true
7 verbose lifecycle pluralsight-redux-starter@1.0.0~prestart: PATH: /usr/local/lib/node_modules/npm/bin/node-gyp-bin:/Users/cent_amadi/Documents/Projects/redux/react-bootstrap-boilerplate/node_modules/.bin:/Users/cent_amadi/bin:/usr/local/bin:/Users/cent_amadi/bin:/usr/local/bin:/Users/cent_amadi/.rvm/gems/ruby-2.2.1/bin:/Users/cent_amadi/.rvm/gems/ruby-2.2.1@global/bin:/Users/cent_amadi/.rvm/rubies/ruby-2.2.1/bin:/usr/local/share/npm/bin:/Users/cent_amadi/bin:/usr/local/bin:/usr/local/bin:/usr/bin:/bin:/usr/sbin:/sbin:/Users/cent_amadi/.rvm/bin
8 verbose lifecycle pluralsight-redux-starter@1.0.0~prestart: CWD: /Users/cent_amadi/Documents/Projects/redux/react-bootstrap-boilerplate
9 silly lifecycle pluralsight-redux-starter@1.0.0~prestart: Args: [ '-c', 'babel-node tools/startMessage.js' ]
10 silly lifecycle pluralsight-redux-starter@1.0.0~prestart: Returned: code: 1  signal: null
11 info lifecycle pluralsight-redux-starter@1.0.0~prestart: Failed to exec prestart script
12 verbose stack Error: pluralsight-redux-starter@1.0.0 prestart: `babel-node tools/startMessage.js`
12 verbose stack Exit status 1
12 verbose stack     at EventEmitter.<anonymous> (/usr/local/lib/node_modules/npm/lib/utils/lifecycle.js:233:16)
12 verbose stack     at emitTwo (events.js:87:13)
12 verbose stack     at EventEmitter.emit (events.js:172:7)
12 verbose stack     at ChildProcess.<anonymous> (/usr/local/lib/node_modules/npm/lib/utils/spawn.js:24:14)
12 verbose stack     at emitTwo (events.js:87:13)
12 verbose stack     at ChildProcess.emit (events.js:172:7)
12 verbose stack     at maybeClose (internal/child_process.js:818:16)
12 verbose stack     at Process.ChildProcess._handle.onexit (internal/child_process.js:211:5)
13 verbose pkgid pluralsight-redux-starter@1.0.0
14 verbose cwd /Users/cent_amadi/Documents/Projects/redux/react-bootstrap-boilerplate
15 error Darwin 15.2.0
16 error argv "/usr/local/Cellar/node/5.0.0/bin/node" "/usr/local/bin/npm" "start"
17 error node v5.0.0
18 error npm  v3.3.9
19 error code ELIFECYCLE
20 error pluralsight-redux-starter@1.0.0 prestart: `babel-node tools/startMessage.js`
20 error Exit status 1
21 error Failed at the pluralsight-redux-starter@1.0.0 prestart script 'babel-node tools/startMessage.js'.
21 error This is most likely a problem with the pluralsight-redux-starter package,
21 error not with npm itself.
21 error Tell the author that this fails on your system:
21 error     babel-node tools/startMessage.js
21 error You can get their info via:
21 error     npm owner ls pluralsight-redux-starter
21 error There is likely additional logging output above.
22 verbose exit [ 1, true ]
